<?xml version="1.0" encoding="UTF-8"?>
<!-- Generated by org.testng.reporters.JUnitReportReporter -->
<testsuite hostname="GGNWMON9NL2N62" failures="0" tests="2" name="basictest.sampleogginggenerator" time="0.599" errors="0" timestamp="2021-09-16T23:02:48 IST" skipped="0">
  <testcase classname="basictest.sampleogginggenerator" name="Rest_Test01" time="0.576"/>
  <system-out/>
  <testcase classname="basictest.sampleogginggenerator" name="Rest_Test02" time="0.023"/>
  <system-out/>
</testsuite> <!-- basictest.sampleogginggenerator -->
